2026/01/08 23:09:09 [WARNING] JWT_SECRET environment variable not set; using development fallback
2026/01/08 23:09:09 [Recipes] Already seeded
[GIN-debug] [WARNING] Creating an Engine instance with the Logger and Recovery middleware already attached.

[GIN-debug] [WARNING] Running in "debug" mode. Switch to "release" mode in production.
 - using env:	export GIN_MODE=release
 - using code:	gin.SetMode(gin.ReleaseMode)

[GIN-debug] POST   /api/register             --> main.registerHandler (5 handlers)
[GIN-debug] POST   /api/login                --> main.loginHandler (5 handlers)
[GIN-debug] GET    /api/auth/google          --> main.main.oauthInitHandler.func4 (5 handlers)
[GIN-debug] GET    /api/auth/google/callback --> main.main.oauthCallbackHandler.func5 (5 handlers)
[GIN-debug] GET    /api/auth/google/success  --> main.oauthSuccessHandler (5 handlers)
[GIN-debug] GET    /api/auth/last-token      --> main.getLastOAuthTokenHandler (5 handlers)
[GIN-debug] GET    /api/auth/facebook        --> main.main.oauthInitHandler.func6 (5 handlers)
[GIN-debug] GET    /api/auth/facebook/callback --> main.main.oauthCallbackHandler.func7 (5 handlers)
[GIN-debug] GET    /api/auth/facebook/success --> main.oauthSuccessHandler (5 handlers)
[GIN-debug] GET    /api/auth/github          --> main.main.oauthInitHandler.func8 (5 handlers)
2026/01/08 23:09:09 [Reminders] Checking for upcoming appointments...
[GIN-debug] GET    /api/auth/github/callback --> main.main.oauthCallbackHandler.func9 (5 handlers)
[GIN-debug] GET    /api/auth/github/success  --> main.oauthSuccessHandler (5 handlers)
[GIN-debug] GET    /api/me                   --> main.meHandler (6 handlers)
[GIN-debug] POST   /api/history              --> main.createHistoryHandler (6 handlers)
[GIN-debug] GET    /api/history              --> main.listHistoryHandler (6 handlers)
[GIN-debug] POST   /api/ocr                  --> main.ocrHandler (6 handlers)
[GIN-debug] POST   /api/health-profile       --> main.createHealthProfileHandler (6 handlers)
[GIN-debug] GET    /api/health-profile       --> main.getHealthProfileHandler (6 handlers)
[GIN-debug] PUT    /api/health-profile       --> main.updateHealthProfileHandler (6 handlers)
[GIN-debug] POST   /api/meal-plan/upload     --> main.uploadMealPlanHandler (6 handlers)
[GIN-debug] GET    /api/meal-plan            --> main.getMealPlanHandler (6 handlers)
[GIN-debug] POST   /api/food-log             --> main.createFoodLogHandler (6 handlers)
[GIN-debug] GET    /api/food-log             --> main.getFoodLogHandler (6 handlers)
[GIN-debug] PUT    /api/settings             --> main.updateSettingsHandler (6 handlers)
[GIN-debug] GET    /api/settings             --> main.getSettingsHandler (6 handlers)
[GIN-debug] POST   /api/appointments         --> main.createAppointmentHandler (6 handlers)
[GIN-debug] GET    /api/appointments         --> main.getAppointmentsHandler (6 handlers)
[GIN-debug] PUT    /api/appointments/:id     --> main.updateAppointmentHandler (6 handlers)
[GIN-debug] DELETE /api/appointments/:id     --> main.deleteAppointmentHandler (6 handlers)
[GIN-debug] POST   /api/appointments/:id/archive --> main.archiveAppointmentHandler (6 handlers)
[GIN-debug] POST   /api/appointments/:id/restore --> main.restoreAppointmentHandler (6 handlers)
[GIN-debug] GET    /api/recipes              --> main.getRecipesHandler (6 handlers)
[GIN-debug] GET    /api/recipes/:id          --> main.getRecipeHandler (6 handlers)
[GIN-debug] POST   /api/messages             --> main.sendMessageHandler (6 handlers)
[GIN-debug] GET    /api/messages             --> main.getMessagesHandler (6 handlers)
[GIN-debug] GET    /api/messages/conversations --> main.getConversationsHandler (6 handlers)
[GIN-debug] PUT    /api/messages/:id/read    --> main.markMessageAsReadHandler (6 handlers)
[GIN-debug] DELETE /api/messages/:id         --> main.deleteMessageHandler (6 handlers)
[GIN-debug] GET    /api/messages/archived    --> main.getArchivedMessagesHandler (6 handlers)
[GIN-debug] GET    /api/nutritionists        --> main.listNutritionistsHandler (6 handlers)
[GIN-debug] POST   /api/assign-nutritionist  --> main.assignNutritionistHandler (6 handlers)
[GIN-debug] GET    /api/available-slots      --> main.getAvailableSlotsForUserHandler (6 handlers)
[GIN-debug] GET    /api/notifications        --> main.getNotificationsHandler (6 handlers)
[GIN-debug] PUT    /api/notifications/:id/read --> main.markNotificationAsReadHandler (6 handlers)
[GIN-debug] PUT    /api/notifications/read-all --> main.markAllNotificationsAsReadHandler (6 handlers)
[GIN-debug] GET    /api/appointment-changes/:appointment_id --> main.getAppointmentChangesHandler (6 handlers)
[GIN-debug] PUT    /api/appointment-changes/:id/accept --> main.acceptAppointmentChangeHandler (6 handlers)
[GIN-debug] PUT    /api/appointment-changes/:id/reject --> main.rejectAppointmentChangeHandler (6 handlers)
[GIN-debug] GET    /api/nutritionist/patients --> main.listPatientsHandler (7 handlers)
[GIN-debug] GET    /api/nutritionist/patients/:id --> main.getPatientDetailsHandler (7 handlers)
[GIN-debug] GET    /api/nutritionist/patients/:id/history --> main.getPatientHistoryHandler (7 handlers)
[GIN-debug] POST   /api/nutritionist/recipes --> main.createRecipeHandler (7 handlers)
[GIN-debug] PUT    /api/nutritionist/recipes/:id --> main.updateRecipeHandler (7 handlers)
[GIN-debug] DELETE /api/nutritionist/recipes/:id --> main.deleteRecipeHandler (7 handlers)
[GIN-debug] POST   /api/nutritionist/recommendations --> main.createRecommendationHandler (7 handlers)
[GIN-debug] GET    /api/nutritionist/recommendations/:patient_id --> main.getRecommendationsHandler (7 handlers)
[GIN-debug] GET    /api/nutritionist/appointments --> main.getNutritionistAppointmentsHandler (7 handlers)
[GIN-debug] PUT    /api/nutritionist/appointments/:id/notes --> main.updateAppointmentNotesHandler (7 handlers)
[GIN-debug] POST   /api/nutritionist/appointments/:id/propose-change --> main.proposeAppointmentChangeHandler (7 handlers)
[GIN-debug] GET    /api/nutritionist/availability --> main.getNutritionistAvailabilityHandler (7 handlers)
[GIN-debug] POST   /api/nutritionist/availability --> main.setNutritionistAvailabilityHandler (7 handlers)
[GIN-debug] GET    /api/nutritionist/available-slots --> main.getAvailableSlotsHandler (7 handlers)
[GIN-debug] POST   /api/nutritionist/patients/:id/meal-plan --> main.createMealPlanForPatientHandler (7 handlers)
[GIN-debug] GET    /api/nutritionist/patients/:id/meal-plan --> main.getPatientMealPlanHandler (7 handlers)
[GIN-debug] GET    /api/admin/users          --> main.listUsersHandler (7 handlers)
[GIN-debug] GET    /api/admin/users/:id/history --> main.userHistoryHandler (7 handlers)
[GIN-debug] PUT    /api/admin/users/:id/role --> main.updateUserRoleHandler (7 handlers)
[GIN-debug] DELETE /api/admin/users/:id      --> main.deleteUserHandler (7 handlers)
[GIN-debug] GET    /api/admin/export         --> main.exportDataHandler (7 handlers)
2026/01/08 23:09:09 Server running on :8080
[GIN-debug] Listening and serving HTTP on :8080
[GIN-debug] [ERROR] listen tcp :8080: bind: Only one usage of each socket address (protocol/network address/port) is normally permitted.
